# JRE version: OpenJDK Runtime Environment Temurin-17.0.11+9 (17.0.11+9) (build 17.0.11+9)
# Java VM: OpenJDK 64-Bit Server VM Temurin-17.0.11+9 (17.0.11+9, mixed mode, tiered, compressed oops, compressed class ptrs, parallel gc, linux-amd64)
GC Precious Log:
 CPUs: 12 total, 12 available
 Memory: 7587M
 Large Page Support: Disabled
 NUMA Support: Disabled
 Compressed Oops: Enabled (32-bit)
 Alignments: Space 512K, Generation 512K, Heap 2M
 Heap Min Capacity: 100M
 Heap Initial Capacity: 100M
 Heap Max Capacity: 1G
 Pre-touch: Disabled
 Parallel Workers: 10
Heap:
 PSYoungGen      total 11264K, used 2018K [0x00000000eab00000, 0x00000000ec700000, 0x0000000100000000)
  eden space 9216K, 0% used [0x00000000eab00000,0x00000000eab00000,0x00000000eb400000)
  from space 2048K, 98% used [0x00000000eb800000,0x00000000eb9f8820,0x00000000eba00000)
  to   space 9728K, 0% used [0x00000000ebd80000,0x00000000ebd80000,0x00000000ec700000)
 ParOldGen       total 450560K, used 450072K [0x00000000c0000000, 0x00000000db800000, 0x00000000eab00000)
  object space 450560K, 99% used [0x00000000c0000000,0x00000000db786150,0x00000000db800000)
 Metaspace       used 108555K, committed 110080K, reserved 1179648K
  class space    used 11270K, committed 11904K, reserved 1048576K
GC Heap History (20 events):
Event: 6248.568 GC heap after
{Heap after GC invocations=2259 (full 60):
 PSYoungGen      total 7680K, used 3200K [0x00000000eab00000, 0x00000000eb680000, 0x0000000100000000)
  eden space 4096K, 0% used [0x00000000eab00000,0x00000000eab00000,0x00000000eaf00000)
  from space 3584K, 89% used [0x00000000eb300000,0x00000000eb620000,0x00000000eb680000)
  to   space 3584K, 0% used [0x00000000eaf80000,0x00000000eaf80000,0x00000000eb300000)
 ParOldGen       total 450048K, used 393756K [0x00000000c0000000, 0x00000000db780000, 0x00000000eab00000)
  object space 450048K, 87% used [0x00000000c0000000,0x00000000d80870b0,0x00000000db780000)
 Metaspace       used 108537K, committed 110016K, reserved 1179648K
  class space    used 11269K, committed 11904K, reserved 1048576K
}
Event: 6248.576 GC heap before
{Heap before GC invocations=2260 (full 60):
 PSYoungGen      total 7680K, used 7225K [0x00000000eab00000, 0x00000000eb680000, 0x0000000100000000)
  eden space 4096K, 98% used [0x00000000eab00000,0x00000000eaeee510,0x00000000eaf00000)
  from space 3584K, 89% used [0x00000000eb300000,0x00000000eb620000,0x00000000eb680000)
  to   space 3584K, 0% used [0x00000000eaf80000,0x00000000eaf80000,0x00000000eb300000)
 ParOldGen       total 450048K, used 393756K [0x00000000c0000000, 0x00000000db780000, 0x00000000eab00000)
  object space 450048K, 87% used [0x00000000c0000000,0x00000000d80870b0,0x00000000db780000)
 Metaspace       used 108537K, committed 110016K, reserved 1179648K
  class space    used 11269K, committed 11904K, reserved 1048576K
}
Event: 6248.580 GC heap after
{Heap after GC invocations=2260 (full 60):
 PSYoungGen      total 8192K, used 3560K [0x00000000eab00000, 0x00000000ebf00000, 0x0000000100000000)
  eden space 4608K, 0% used [0x00000000eab00000,0x00000000eab00000,0x00000000eaf80000)
  from space 3584K, 99% used [0x00000000eaf80000,0x00000000eb2fa000,0x00000000eb300000)
  to   space 7680K, 0% used [0x00000000eb780000,0x00000000eb780000,0x00000000ebf00000)
 ParOldGen       total 450048K, used 396988K [0x00000000c0000000, 0x00000000db780000, 0x00000000eab00000)
  object space 450048K, 88% used [0x00000000c0000000,0x00000000d83af0b0,0x00000000db780000)
 Metaspace       used 108537K, committed 110016K, reserved 1179648K
  class space    used 11269K, committed 11904K, reserved 1048576K
}
Event: 6248.618 GC heap before
{Heap before GC invocations=2261 (full 60):
 PSYoungGen      total 8192K, used 8168K [0x00000000eab00000, 0x00000000ebf00000, 0x0000000100000000)
  eden space 4608K, 100% used [0x00000000eab00000,0x00000000eaf80000,0x00000000eaf80000)
  from space 3584K, 99% used [0x00000000eaf80000,0x00000000eb2fa000,0x00000000eb300000)
  to   space 7680K, 0% used [0x00000000eb780000,0x00000000eb780000,0x00000000ebf00000)
 ParOldGen       total 450048K, used 396988K [0x00000000c0000000, 0x00000000db780000, 0x00000000eab00000)
  object space 450048K, 88% used [0x00000000c0000000,0x00000000d83af0b0,0x00000000db780000)
 Metaspace       used 108537K, committed 110016K, reserved 1179648K
  class space    used 11269K, committed 11904K, reserved 1048576K
}
Event: 6248.623 GC heap after
{Heap after GC invocations=2261 (full 60):
 PSYoungGen      total 10240K, used 4445K [0x00000000eab00000, 0x00000000ebc00000, 0x0000000100000000)
  eden space 5632K, 0% used [0x00000000eab00000,0x00000000eab00000,0x00000000eb080000)
  from space 4608K, 96% used [0x00000000eb780000,0x00000000ebbd7600,0x00000000ebc00000)
  to   space 5632K, 0% used [0x00000000eb100000,0x00000000eb100000,0x00000000eb680000)
 ParOldGen       total 450048K, used 399996K [0x00000000c0000000, 0x00000000db780000, 0x00000000eab00000)
  object space 450048K, 88% used [0x00000000c0000000,0x00000000d869f0b0,0x00000000db780000)
 Metaspace       used 108537K, committed 110016K, reserved 1179648K
  class space    used 11269K, committed 11904K, reserved 1048576K
}
Event: 6248.629 GC heap before
{Heap before GC invocations=2262 (full 60):
 PSYoungGen      total 10240K, used 10077K [0x00000000eab00000, 0x00000000ebc00000, 0x0000000100000000)
  eden space 5632K, 100% used [0x00000000eab00000,0x00000000eb080000,0x00000000eb080000)
  from space 4608K, 96% used [0x00000000eb780000,0x00000000ebbd7600,0x00000000ebc00000)
  to   space 5632K, 0% used [0x00000000eb100000,0x00000000eb100000,0x00000000eb680000)
 ParOldGen       total 450048K, used 399996K [0x00000000c0000000, 0x00000000db780000, 0x00000000eab00000)
  object space 450048K, 88% used [0x00000000c0000000,0x00000000d869f0b0,0x00000000db780000)
 Metaspace       used 108537K, committed 110016K, reserved 1179648K
  class space    used 11269K, committed 11904K, reserved 1048576K
}
Event: 6248.632 GC heap after
{Heap after GC invocations=2262 (full 60):
 PSYoungGen      total 11776K, used 5621K [0x00000000eab00000, 0x00000000ec900000, 0x0000000100000000)
  eden space 6144K, 0% used [0x00000000eab00000,0x00000000eab00000,0x00000000eb100000)
  from space 5632K, 99% used [0x00000000eb100000,0x00000000eb67d400,0x00000000eb680000)
  to   space 11776K, 0% used [0x00000000ebd80000,0x00000000ebd80000,0x00000000ec900000)
 ParOldGen       total 450048K, used 404983K [0x00000000c0000000, 0x00000000db780000, 0x00000000eab00000)
  object space 450048K, 89% used [0x00000000c0000000,0x00000000d8b7dcb0,0x00000000db780000)
 Metaspace       used 108537K, committed 110016K, reserved 1179648K
  class space    used 11269K, committed 11904K, reserved 1048576K
}
Event: 6248.660 GC heap before
{Heap before GC invocations=2263 (full 60):
 PSYoungGen      total 11776K, used 11675K [0x00000000eab00000, 0x00000000ec900000, 0x0000000100000000)
  eden space 6144K, 98% used [0x00000000eab00000,0x00000000eb0e9998,0x00000000eb100000)
  from space 5632K, 99% used [0x00000000eb100000,0x00000000eb67d400,0x00000000eb680000)
  to   space 11776K, 0% used [0x00000000ebd80000,0x00000000ebd80000,0x00000000ec900000)
 ParOldGen       total 450048K, used 404983K [0x00000000c0000000, 0x00000000db780000, 0x00000000eab00000)
  object space 450048K, 89% used [0x00000000c0000000,0x00000000d8b7dcb0,0x00000000db780000)
 Metaspace       used 108537K, committed 110016K, reserved 1179648K
  class space    used 11269K, committed 11904K, reserved 1048576K
}
Event: 6248.666 GC heap after
{Heap after GC invocations=2263 (full 60):
 PSYoungGen      total 12288K, used 4175K [0x00000000eab00000, 0x00000000ec200000, 0x0000000100000000)
  eden space 7680K, 0% used [0x00000000eab00000,0x00000000eab00000,0x00000000eb280000)
  from space 4608K, 90% used [0x00000000ebd80000,0x00000000ec193e50,0x00000000ec200000)
  to   space 6656K, 0% used [0x00000000eb500000,0x00000000eb500000,0x00000000ebb80000)
 ParOldGen       total 450048K, used 410551K [0x00000000c0000000, 0x00000000db780000, 0x00000000eab00000)
  object space 450048K, 91% used [0x00000000c0000000,0x00000000d90edcb0,0x00000000db780000)
 Metaspace       used 108537K, committed 110016K, reserved 1179648K
  class space    used 11269K, committed 11904K, reserved 1048576K
}
Event: 6249.191 GC heap before
{Heap before GC invocations=2264 (full 60):
 PSYoungGen      total 12288K, used 11844K [0x00000000eab00000, 0x00000000ec200000, 0x0000000100000000)
  eden space 7680K, 99% used [0x00000000eab00000,0x00000000eb27d3a8,0x00000000eb280000)
  from space 4608K, 90% used [0x00000000ebd80000,0x00000000ec193e50,0x00000000ec200000)
  to   space 6656K, 0% used [0x00000000eb500000,0x00000000eb500000,0x00000000ebb80000)
 ParOldGen       total 450048K, used 441271K [0x00000000c0000000, 0x00000000db780000, 0x00000000eab00000)
  object space 450048K, 98% used [0x00000000c0000000,0x00000000daeedce0,0x00000000db780000)
 Metaspace       used 108552K, committed 110080K, reserved 1179648K
  class space    used 11270K, committed 11904K, reserved 1048576K
}
Event: 6249.192 GC heap after
{Heap after GC invocations=2264 (full 60):
 PSYoungGen      total 15872K, used 256K [0x00000000eab00000, 0x00000000ebe00000, 0x0000000100000000)
  eden space 9216K, 0% used [0x00000000eab00000,0x00000000eab00000,0x00000000eb400000)
  from space 6656K, 3% used [0x00000000eb500000,0x00000000eb540000,0x00000000ebb80000)
  to   space 2560K, 0% used [0x00000000ebb80000,0x00000000ebb80000,0x00000000ebe00000)
 ParOldGen       total 450048K, used 443135K [0x00000000c0000000, 0x00000000db780000, 0x00000000eab00000)
  object space 450048K, 98% used [0x00000000c0000000,0x00000000db0bfcf0,0x00000000db780000)
 Metaspace       used 108552K, committed 110080K, reserved 1179648K
  class space    used 11270K, committed 11904K, reserved 1048576K
}
Event: 6249.472 GC heap before
{Heap before GC invocations=2265 (full 60):
 PSYoungGen      total 15872K, used 9472K [0x00000000eab00000, 0x00000000ebe00000, 0x0000000100000000)
  eden space 9216K, 100% used [0x00000000eab00000,0x00000000eb400000,0x00000000eb400000)
  from space 6656K, 3% used [0x00000000eb500000,0x00000000eb540000,0x00000000ebb80000)
  to   space 2560K, 0% used [0x00000000ebb80000,0x00000000ebb80000,0x00000000ebe00000)
 ParOldGen       total 450048K, used 443135K [0x00000000c0000000, 0x00000000db780000, 0x00000000eab00000)
  object space 450048K, 98% used [0x00000000c0000000,0x00000000db0bfcf0,0x00000000db780000)
 Metaspace       used 108553K, committed 110080K, reserved 1179648K
  class space    used 11270K, committed 11904K, reserved 1048576K
}
Event: 6249.473 GC heap after
{Heap after GC invocations=2265 (full 60):
 PSYoungGen      total 9728K, used 250K [0x00000000eab00000, 0x00000000ebc00000, 0x0000000100000000)
  eden space 9216K, 0% used [0x00000000eab00000,0x00000000eab00000,0x00000000eb400000)
  from space 512K, 48% used [0x00000000ebb80000,0x00000000ebbbe920,0x00000000ebc00000)
  to   space 1024K, 0% used [0x00000000eba00000,0x00000000eba00000,0x00000000ebb00000)
 ParOldGen       total 450048K, used 443215K [0x00000000c0000000, 0x00000000db780000, 0x00000000eab00000)
  object space 450048K, 98% used [0x00000000c0000000,0x00000000db0d3cf0,0x00000000db780000)
 Metaspace       used 108553K, committed 110080K, reserved 1179648K
  class space    used 11270K, committed 11904K, reserved 1048576K
}
Event: 6249.483 GC heap before
{Heap before GC invocations=2266 (full 60):
 PSYoungGen      total 9728K, used 9466K [0x00000000eab00000, 0x00000000ebc00000, 0x0000000100000000)
  eden space 9216K, 99% used [0x00000000eab00000,0x00000000eb3ffff8,0x00000000eb400000)
  from space 512K, 48% used [0x00000000ebb80000,0x00000000ebbbe920,0x00000000ebc00000)
  to   space 1024K, 0% used [0x00000000eba00000,0x00000000eba00000,0x00000000ebb00000)
 ParOldGen       total 450048K, used 443215K [0x00000000c0000000, 0x00000000db780000, 0x00000000eab00000)
  object space 450048K, 98% used [0x00000000c0000000,0x00000000db0d3cf0,0x00000000db780000)
 Metaspace       used 108554K, committed 110080K, reserved 1179648K
  class space    used 11270K, committed 11904K, reserved 1048576K
}
Event: 6249.484 GC heap after
{Heap after GC invocations=2266 (full 60):
 PSYoungGen      total 10240K, used 538K [0x00000000eab00000, 0x00000000ebc00000, 0x0000000100000000)
  eden space 9216K, 0% used [0x00000000eab00000,0x00000000eab00000,0x00000000eb400000)
  from space 1024K, 52% used [0x00000000eba00000,0x00000000eba86900,0x00000000ebb00000)
  to   space 1024K, 0% used [0x00000000ebb00000,0x00000000ebb00000,0x00000000ebc00000)
 ParOldGen       total 450048K, used 443351K [0x00000000c0000000, 0x00000000db780000, 0x00000000eab00000)
  object space 450048K, 98% used [0x00000000c0000000,0x00000000db0f5d10,0x00000000db780000)
 Metaspace       used 108554K, committed 110080K, reserved 1179648K
  class space    used 11270K, committed 11904K, reserved 1048576K
}
Event: 6249.494 GC heap before
{Heap before GC invocations=2267 (full 60):
 PSYoungGen      total 10240K, used 9754K [0x00000000eab00000, 0x00000000ebc00000, 0x0000000100000000)
  eden space 9216K, 100% used [0x00000000eab00000,0x00000000eb400000,0x00000000eb400000)
  from space 1024K, 52% used [0x00000000eba00000,0x00000000eba86900,0x00000000ebb00000)
  to   space 1024K, 0% used [0x00000000ebb00000,0x00000000ebb00000,0x00000000ebc00000)
 ParOldGen       total 450048K, used 443351K [0x00000000c0000000, 0x00000000db780000, 0x00000000eab00000)
  object space 450048K, 98% used [0x00000000c0000000,0x00000000db0f5d10,0x00000000db780000)
 Metaspace       used 108555K, committed 110080K, reserved 1179648K
  class space    used 11270K, committed 11904K, reserved 1048576K
}
Event: 6249.495 GC heap after
{Heap after GC invocations=2267 (full 60):
 PSYoungGen      total 10240K, used 1012K [0x00000000eab00000, 0x00000000ebc00000, 0x0000000100000000)
  eden space 9216K, 0% used [0x00000000eab00000,0x00000000eab00000,0x00000000eb400000)
  from space 1024K, 98% used [0x00000000ebb00000,0x00000000ebbfd200,0x00000000ebc00000)
  to   space 2048K, 0% used [0x00000000eb800000,0x00000000eb800000,0x00000000eba00000)
 ParOldGen       total 450048K, used 443883K [0x00000000c0000000, 0x00000000db780000, 0x00000000eab00000)
  object space 450048K, 98% used [0x00000000c0000000,0x00000000db17af30,0x00000000db780000)
 Metaspace       used 108555K, committed 110080K, reserved 1179648K
  class space    used 11270K, committed 11904K, reserved 1048576K
}
Event: 6250.970 GC heap before
{Heap before GC invocations=2268 (full 60):
 PSYoungGen      total 10240K, used 10228K [0x00000000eab00000, 0x00000000ebc00000, 0x0000000100000000)
  eden space 9216K, 100% used [0x00000000eab00000,0x00000000eb400000,0x00000000eb400000)
  from space 1024K, 98% used [0x00000000ebb00000,0x00000000ebbfd200,0x00000000ebc00000)
  to   space 2048K, 0% used [0x00000000eb800000,0x00000000eb800000,0x00000000eba00000)
 ParOldGen       total 450048K, used 443883K [0x00000000c0000000, 0x00000000db780000, 0x00000000eab00000)
  object space 450048K, 98% used [0x00000000c0000000,0x00000000db17af30,0x00000000db780000)
 Metaspace       used 108555K, committed 110080K, reserved 1179648K
  class space    used 11270K, committed 11904K, reserved 1048576K
}
Event: 6250.972 GC heap after
{Heap after GC invocations=2268 (full 60):
 PSYoungGen      total 11264K, used 2018K [0x00000000eab00000, 0x00000000ec700000, 0x0000000100000000)
  eden space 9216K, 0% used [0x00000000eab00000,0x00000000eab00000,0x00000000eb400000)
  from space 2048K, 98% used [0x00000000eb800000,0x00000000eb9f8820,0x00000000eba00000)
  to   space 9728K, 0% used [0x00000000ebd80000,0x00000000ebd80000,0x00000000ec700000)
 ParOldGen       total 450560K, used 450072K [0x00000000c0000000, 0x00000000db800000, 0x00000000eab00000)
  object space 450560K, 99% used [0x00000000c0000000,0x00000000db786150,0x00000000db800000)
 Metaspace       used 108555K, committed 110080K, reserved 1179648K
  class space    used 11270K, committed 11904K, reserved 1048576K
}
Event: 6250.972 GC heap before
{Heap before GC invocations=2269 (full 61):
 PSYoungGen      total 11264K, used 2018K [0x00000000eab00000, 0x00000000ec700000, 0x0000000100000000)
  eden space 9216K, 0% used [0x00000000eab00000,0x00000000eab00000,0x00000000eb400000)
  from space 2048K, 98% used [0x00000000eb800000,0x00000000eb9f8820,0x00000000eba00000)
  to   space 9728K, 0% used [0x00000000ebd80000,0x00000000ebd80000,0x00000000ec700000)
 ParOldGen       total 450560K, used 450072K [0x00000000c0000000, 0x00000000db800000, 0x00000000eab00000)
  object space 450560K, 99% used [0x00000000c0000000,0x00000000db786150,0x00000000db800000)
 Metaspace       used 108555K, committed 110080K, reserved 1179648K
  class space    used 11270K, committed 11904K, reserved 1048576K
}

